<?xml version="1.0" encoding="UTF-8"?>
<!-- Generated by org.testng.reporters.JUnitReportReporter -->
<testsuite hostname="DESKTOP-IT73GSU" failures="0" tests="1" name="com.Actitime.Testscript.Task" time="32.880" errors="0" timestamp="2023-05-11T14:28:46 IST" skipped="0">
  <testcase classname="com.Actitime.Testscript.Task" name="creatCustomer" time="32.880"/>
  <system-out/>
</testsuite> <!-- com.Actitime.Testscript.Task -->
